<?xml version="1.0" encoding="UTF-8"?>
<testsuite xmlns:xsi="http://www.w3.org/2001/XMLSchema-instance" xsi:noNamespaceSchemaLocation="https://maven.apache.org/surefire/maven-surefire-plugin/xsd/surefire-test-report-3.0.xsd" version="3.0" name="com.opensourcedev.eventar.controller.EventControllerTest" time="2.748" tests="4" errors="0" skipped="0" failures="0">
  <properties>
[...]
</properties>
  <testcase name="existById" classname="com.opensourcedev.eventar.controller.EventControllerTest" time="0.204">
    <system-out><![CDATA[18:45:15.541 [main] DEBUG org.springframework.test.context.BootstrapUtils - Instantiating CacheAwareContextLoaderDelegate from class [org.springframework.test.context.cache.DefaultCacheAwareContextLoaderDelegate]
18:45:15.551 [main] DEBUG org.springframework.test.context.BootstrapUtils - Instantiating BootstrapContext using constructor [public org.springframework.test.context.support.DefaultBootstrapContext(java.lang.Class,org.springframework.test.context.CacheAwareContextLoaderDelegate)]
18:45:15.591 [main] DEBUG org.springframework.test.context.BootstrapUtils - Instantiating TestContextBootstrapper for test class [com.opensourcedev.eventar.controller.EventControllerTest] from class [org.springframework.boot.test.autoconfigure.web.servlet.WebMvcTestContextBootstrapper]
18:45:15.602 [main] INFO org.springframework.boot.test.autoconfigure.web.servlet.WebMvcTestContextBootstrapper - Neither @ContextConfiguration nor @ContextHierarchy found for test class [com.opensourcedev.eventar.controller.EventControllerTest], using SpringBootContextLoader
18:45:15.606 [main] DEBUG org.springframework.test.context.support.AbstractContextLoader - Did not detect default resource location for test class [com.opensourcedev.eventar.controller.EventControllerTest]: class path resource [com/opensourcedev/eventar/controller/EventControllerTest-context.xml] does not exist
18:45:15.606 [main] DEBUG org.springframework.test.context.support.AbstractContextLoader - Did not detect default resource location for test class [com.opensourcedev.eventar.controller.EventControllerTest]: class path resource [com/opensourcedev/eventar/controller/EventControllerTestContext.groovy] does not exist
18:45:15.606 [main] INFO org.springframework.test.context.support.AbstractContextLoader - Could not detect default resource locations for test class [com.opensourcedev.eventar.controller.EventControllerTest]: no resource found for suffixes {-context.xml, Context.groovy}.
18:45:15.607 [main] INFO org.springframework.test.context.support.AnnotationConfigContextLoaderUtils - Could not detect default configuration classes for test class [com.opensourcedev.eventar.controller.EventControllerTest]: EventControllerTest does not declare any static, non-private, non-final, nested classes annotated with @Configuration.
18:45:15.679 [main] DEBUG org.springframework.test.context.support.ActiveProfilesUtils - Could not find an 'annotation declaring class' for annotation type [org.springframework.test.context.ActiveProfiles] and class [com.opensourcedev.eventar.controller.EventControllerTest]
18:45:15.752 [main] DEBUG org.springframework.context.annotation.ClassPathScanningCandidateComponentProvider - Identified candidate component class: file [D:\Git Projects\eventar-ms\target\classes\com\opensourcedev\eventar\EventarApplication.class]
18:45:15.753 [main] INFO org.springframework.boot.test.context.SpringBootTestContextBootstrapper - Found @SpringBootConfiguration com.opensourcedev.eventar.EventarApplication for test class com.opensourcedev.eventar.controller.EventControllerTest
18:45:15.755 [main] DEBUG org.springframework.boot.test.autoconfigure.web.servlet.WebMvcTestContextBootstrapper - @TestExecutionListeners is not present for class [com.opensourcedev.eventar.controller.EventControllerTest]: using defaults.
18:45:15.756 [main] INFO org.springframework.boot.test.autoconfigure.web.servlet.WebMvcTestContextBootstrapper - Loaded default TestExecutionListener class names from location [META-INF/spring.factories]: [org.springframework.boot.test.mock.mockito.MockitoTestExecutionListener, org.springframework.boot.test.mock.mockito.ResetMocksTestExecutionListener, org.springframework.boot.test.autoconfigure.restdocs.RestDocsTestExecutionListener, org.springframework.boot.test.autoconfigure.web.client.MockRestServiceServerResetTestExecutionListener, org.springframework.boot.test.autoconfigure.web.servlet.MockMvcPrintOnlyOnFailureTestExecutionListener, org.springframework.boot.test.autoconfigure.web.servlet.WebDriverTestExecutionListener, org.springframework.boot.test.autoconfigure.webservices.client.MockWebServiceServerTestExecutionListener, org.springframework.test.context.web.ServletTestExecutionListener, org.springframework.test.context.support.DirtiesContextBeforeModesTestExecutionListener, org.springframework.test.context.event.ApplicationEventsTestExecutionListener, org.springframework.test.context.support.DependencyInjectionTestExecutionListener, org.springframework.test.context.support.DirtiesContextTestExecutionListener, org.springframework.test.context.transaction.TransactionalTestExecutionListener, org.springframework.test.context.jdbc.SqlScriptsTestExecutionListener, org.springframework.test.context.event.EventPublishingTestExecutionListener]
18:45:15.771 [main] INFO org.springframework.boot.test.autoconfigure.web.servlet.WebMvcTestContextBootstrapper - Using TestExecutionListeners: [org.springframework.test.context.web.ServletTestExecutionListener@60975100, org.springframework.test.context.support.DirtiesContextBeforeModesTestExecutionListener@1253e7cb, org.springframework.test.context.event.ApplicationEventsTestExecutionListener@2d36e77e, org.springframework.boot.test.mock.mockito.MockitoTestExecutionListener@61c9c3fd, org.springframework.boot.test.autoconfigure.SpringBootDependencyInjectionTestExecutionListener@3b0c9195, org.springframework.test.context.support.DirtiesContextTestExecutionListener@366c4480, org.springframework.test.context.transaction.TransactionalTestExecutionListener@2c7b5824, org.springframework.test.context.jdbc.SqlScriptsTestExecutionListener@302a07d, org.springframework.test.context.event.EventPublishingTestExecutionListener@5cdd09b1, org.springframework.boot.test.mock.mockito.ResetMocksTestExecutionListener@8c11eee, org.springframework.boot.test.autoconfigure.restdocs.RestDocsTestExecutionListener@7e8dcdaa, org.springframework.boot.test.autoconfigure.web.client.MockRestServiceServerResetTestExecutionListener@681a8b4e, org.springframework.boot.test.autoconfigure.web.servlet.MockMvcPrintOnlyOnFailureTestExecutionListener@5cbe877d, org.springframework.boot.test.autoconfigure.web.servlet.WebDriverTestExecutionListener@5c08c46a, org.springframework.boot.test.autoconfigure.webservices.client.MockWebServiceServerTestExecutionListener@4cf8b2dc]
18:45:15.775 [main] DEBUG org.springframework.test.context.support.AbstractDirtiesContextTestExecutionListener - Before test class: context [DefaultTestContext@2cc3ad05 testClass = EventControllerTest, testInstance = [null], testMethod = [null], testException = [null], mergedContextConfiguration = [WebMergedContextConfiguration@710b18a6 testClass = EventControllerTest, locations = '{}', classes = '{class com.opensourcedev.eventar.EventarApplication}', contextInitializerClasses = '[]', activeProfiles = '{}', propertySourceLocations = '{}', propertySourceProperties = '{org.springframework.boot.test.autoconfigure.web.servlet.WebMvcTestContextBootstrapper=true}', contextCustomizers = set[[ImportsContextCustomizer@119020fb key = [org.springframework.boot.autoconfigure.cache.CacheAutoConfiguration, org.springframework.boot.autoconfigure.context.MessageSourceAutoConfiguration, org.springframework.boot.autoconfigure.data.web.SpringDataWebAutoConfiguration, org.springframework.boot.autoconfigure.freemarker.FreeMarkerAutoConfiguration, org.springframework.boot.autoconfigure.groovy.template.GroovyTemplateAutoConfiguration, org.springframework.boot.autoconfigure.gson.GsonAutoConfiguration, org.springframework.boot.autoconfigure.hateoas.HypermediaAutoConfiguration, org.springframework.boot.autoconfigure.http.HttpMessageConvertersAutoConfiguration, org.springframework.boot.autoconfigure.jackson.JacksonAutoConfiguration, org.springframework.boot.autoconfigure.jsonb.JsonbAutoConfiguration, org.springframework.boot.autoconfigure.mustache.MustacheAutoConfiguration, org.springframework.boot.autoconfigure.task.TaskExecutionAutoConfiguration, org.springframework.boot.autoconfigure.thymeleaf.ThymeleafAutoConfiguration, org.springframework.boot.autoconfigure.validation.ValidationAutoConfiguration, org.springframework.boot.autoconfigure.web.servlet.error.ErrorMvcAutoConfiguration, org.springframework.boot.autoconfigure.web.servlet.HttpEncodingAutoConfiguration, org.springframework.boot.autoconfigure.web.servlet.WebMvcAutoConfiguration, org.springframework.boot.test.autoconfigure.web.servlet.MockMvcAutoConfiguration, org.springframework.boot.test.autoconfigure.web.servlet.MockMvcWebClientAutoConfiguration, org.springframework.boot.test.autoconfigure.web.servlet.MockMvcWebDriverAutoConfiguration, org.springframework.boot.autoconfigure.security.oauth2.client.servlet.OAuth2ClientAutoConfiguration, org.springframework.boot.autoconfigure.security.oauth2.resource.servlet.OAuth2ResourceServerAutoConfiguration, org.springframework.boot.autoconfigure.security.servlet.SecurityAutoConfiguration, org.springframework.boot.autoconfigure.security.servlet.SecurityFilterAutoConfiguration, org.springframework.boot.autoconfigure.security.servlet.UserDetailsServiceAutoConfiguration, org.springframework.boot.test.autoconfigure.web.servlet.MockMvcSecurityConfiguration]], org.springframework.boot.test.context.filter.ExcludeFilterContextCustomizer@132e0cc, org.springframework.boot.test.json.DuplicateJsonObjectContextCustomizerFactory$DuplicateJsonObjectContextCustomizer@7a67e3c6, org.springframework.boot.test.mock.mockito.MockitoContextCustomizer@5edb1012, org.springframework.boot.test.autoconfigure.OverrideAutoConfigurationContextCustomizerFactory$DisableAutoConfigurationContextCustomizer@a4add54, org.springframework.boot.test.autoconfigure.actuate.metrics.MetricsExportContextCustomizerFactory$DisableMetricExportContextCustomizer@61fe30, org.springframework.boot.test.autoconfigure.filter.TypeExcludeFiltersContextCustomizer@c1af6e52, org.springframework.boot.test.autoconfigure.properties.PropertyMappingContextCustomizer@e3d28c1e, org.springframework.boot.test.autoconfigure.web.servlet.WebDriverContextCustomizerFactory$Customizer@4b79ac84, org.springframework.boot.test.context.SpringBootTestArgs@1, org.springframework.boot.test.context.SpringBootTestWebEnvironment@0], resourceBasePath = 'src/main/webapp', contextLoader = 'org.springframework.boot.test.context.SpringBootContextLoader', parent = [null]], attributes = map[[empty]]], class annotated with @DirtiesContext [false] with mode [null].
18:45:15.810 [main] DEBUG org.springframework.test.context.support.TestPropertySourceUtils - Adding inlined properties to environment: {spring.jmx.enabled=false, org.springframework.boot.test.autoconfigure.web.servlet.WebMvcTestContextBootstrapper=true}

  .   ____          _            __ _ _
 /\\ / ___'_ __ _ _(_)_ __  __ _ \ \ \ \
( ( )\___ | '_ | '_| | '_ \/ _` | \ \ \ \
 \\/  ___)| |_)| | | | | || (_| |  ) ) ) )
  '  |____| .__|_| |_|_| |_\__, | / / / /
 =========|_|==============|___/=/_/_/_/
 :: Spring Boot ::                (v2.4.2)

2021-04-08 18:45:16.176  INFO 18044 --- [           main] c.o.e.controller.EventControllerTest     : Starting EventControllerTest using Java 11.0.10 on DESKTOP-FJ83RN4 with PID 18044 (started by sajmo in D:\Git Projects\eventar-ms)
2021-04-08 18:45:16.178  INFO 18044 --- [           main] c.o.e.controller.EventControllerTest     : No active profile set, falling back to default profiles: default
2021-04-08 18:45:16.195 DEBUG 18044 --- [           main] o.s.w.c.s.GenericWebApplicationContext   : Refreshing org.springframework.web.context.support.GenericWebApplicationContext@19542407
2021-04-08 18:45:17.581  INFO 18044 --- [           main] o.s.s.concurrent.ThreadPoolTaskExecutor  : Initializing ExecutorService 'applicationTaskExecutor'
2021-04-08 18:45:17.600 DEBUG 18044 --- [           main] s.w.s.m.m.a.RequestMappingHandlerAdapter : ControllerAdvice beans: 0 @ModelAttribute, 0 @InitBinder, 1 RequestBodyAdvice, 1 ResponseBodyAdvice
2021-04-08 18:45:17.703 DEBUG 18044 --- [           main] s.w.s.m.m.a.RequestMappingHandlerMapping : 13 mappings in 'requestMappingHandlerMapping'
2021-04-08 18:45:17.764 DEBUG 18044 --- [           main] o.s.w.s.handler.SimpleUrlHandlerMapping  : Patterns [/webjars/**, /**] in 'resourceHandlerMapping'
2021-04-08 18:45:17.781 DEBUG 18044 --- [           main] .m.m.a.ExceptionHandlerExceptionResolver : ControllerAdvice beans: 1 @ExceptionHandler, 1 ResponseBodyAdvice
2021-04-08 18:45:17.867  INFO 18044 --- [           main] o.s.b.t.m.w.SpringBootMockServletContext : Initializing Spring TestDispatcherServlet ''
2021-04-08 18:45:17.867  INFO 18044 --- [           main] o.s.t.web.servlet.TestDispatcherServlet  : Initializing Servlet ''
2021-04-08 18:45:17.868  INFO 18044 --- [           main] o.s.t.web.servlet.TestDispatcherServlet  : Completed initialization in 1 ms
2021-04-08 18:45:17.899  INFO 18044 --- [           main] c.o.e.controller.EventControllerTest     : Started EventControllerTest in 2.082 seconds (JVM running for 3.303)
Calling the setUp() method from EventControllerTest.class ....
Starting test assertions for EventController existById() method....
2021-04-08 18:45:17.990 DEBUG 18044 --- [           main] s.w.s.m.m.a.RequestMappingHandlerMapping : Mapped to com.opensourcedev.eventar.controller.EventController#existById(String)
2021-04-08 18:45:18.055 DEBUG 18044 --- [           main] o.s.w.s.m.m.a.HttpEntityMethodProcessor  : Found 'Content-Type:application/json' in response
2021-04-08 18:45:18.058 DEBUG 18044 --- [           main] o.s.w.s.m.m.a.HttpEntityMethodProcessor  : Writing [true]

MockHttpServletRequest:
      HTTP Method = GET
      Request URI = /event/existById/someId
       Parameters = {}
          Headers = []
             Body = null
    Session Attrs = {}

Handler:
             Type = com.opensourcedev.eventar.controller.EventController
           Method = com.opensourcedev.eventar.controller.EventController#existById(String)

Async:
    Async started = false
     Async result = null

Resolved Exception:
             Type = null

ModelAndView:
        View name = null
             View = null
            Model = null

FlashMap:
       Attributes = null

MockHttpServletResponse:
           Status = 200
    Error message = null
          Headers = [Content-Type:"application/json"]
     Content type = application/json
             Body = true
    Forwarded URL = null
   Redirected URL = null
          Cookies = []
Calling the tearDown() method from EventControllerTest.class ....
]]></system-out>
  </testcase>
  <testcase name="findAllEvents" classname="com.opensourcedev.eventar.controller.EventControllerTest" time="0.07">
    <system-out><![CDATA[Calling the setUp() method from EventControllerTest.class ....
Starting test assertions for EventController findAllEvents() method....
2021-04-08 18:45:18.118 DEBUG 18044 --- [           main] s.w.s.m.m.a.RequestMappingHandlerMapping : Mapped to com.opensourcedev.eventar.controller.EventController#findAllEvents()
2021-04-08 18:45:18.120 DEBUG 18044 --- [           main] o.s.w.s.m.m.a.HttpEntityMethodProcessor  : Found 'Content-Type:application/json' in response
2021-04-08 18:45:18.124 DEBUG 18044 --- [           main] o.s.w.s.m.m.a.HttpEntityMethodProcessor  : Writing [[com.opensourcedev.eventar.dto.EventDto@b3857e2]]

MockHttpServletRequest:
      HTTP Method = GET
      Request URI = /event/findAll
       Parameters = {}
          Headers = []
             Body = null
    Session Attrs = {}

Handler:
             Type = com.opensourcedev.eventar.controller.EventController
           Method = com.opensourcedev.eventar.controller.EventController#findAllEvents()

Async:
    Async started = false
     Async result = null

Resolved Exception:
             Type = null

ModelAndView:
        View name = null
             View = null
            Model = null

FlashMap:
       Attributes = null

MockHttpServletResponse:
           Status = 200
    Error message = null
          Headers = [Content-Type:"application/json"]
     Content type = application/json
             Body = [{"createdAt":"2021-04-08T16:45:18.116+00:00","updatedAt":"2021-04-08T16:45:18.116+00:00","eventName":"Hackaton","eventId":"someId","location":"Hroncova 20/19","time":"2020-02-27T20:03:00","eventCapacity":35,"eventOccupation":30,"tickets":[{"createdAt":null,"updatedAt":null,"ticketName":"Hackaton Ticket","eventTicketId":"Hackaton","eventName":"EventTicketId","name":"Simon","surname":"Pavlik","age":18,"ticketPrice":20,"event":null}]}]
    Forwarded URL = null
   Redirected URL = null
          Cookies = []
Calling the tearDown() method from EventControllerTest.class ....
]]></system-out>
  </testcase>
  <testcase name="findEventById" classname="com.opensourcedev.eventar.controller.EventControllerTest" time="0.029">
    <system-out><![CDATA[Calling the setUp() method from EventControllerTest.class ....
Starting test assertions for EventController findEventById() method....
2021-04-08 18:45:18.190 DEBUG 18044 --- [           main] s.w.s.m.m.a.RequestMappingHandlerMapping : Mapped to com.opensourcedev.eventar.controller.EventController#findEventById(String)
2021-04-08 18:45:18.192 DEBUG 18044 --- [           main] o.s.w.s.m.m.a.HttpEntityMethodProcessor  : Found 'Content-Type:application/json' in response
2021-04-08 18:45:18.192 DEBUG 18044 --- [           main] o.s.w.s.m.m.a.HttpEntityMethodProcessor  : Writing [com.opensourcedev.eventar.dto.EventDto@6136e1fc]

MockHttpServletRequest:
      HTTP Method = GET
      Request URI = /event/findById/someId
       Parameters = {}
          Headers = []
             Body = null
    Session Attrs = {}

Handler:
             Type = com.opensourcedev.eventar.controller.EventController
           Method = com.opensourcedev.eventar.controller.EventController#findEventById(String)

Async:
    Async started = false
     Async result = null

Resolved Exception:
             Type = null

ModelAndView:
        View name = null
             View = null
            Model = null

FlashMap:
       Attributes = null

MockHttpServletResponse:
           Status = 200
    Error message = null
          Headers = [Content-Type:"application/json"]
     Content type = application/json
             Body = {"createdAt":"2021-04-08T16:45:18.188+00:00","updatedAt":"2021-04-08T16:45:18.188+00:00","eventName":"Hackaton","eventId":"someId","location":"Hroncova 20/19","time":"2020-02-27T20:03:00","eventCapacity":35,"eventOccupation":30,"tickets":[{"createdAt":null,"updatedAt":null,"ticketName":"Hackaton Ticket","eventTicketId":"Hackaton","eventName":"EventTicketId","name":"Simon","surname":"Pavlik","age":18,"ticketPrice":20,"event":null}]}
    Forwarded URL = null
   Redirected URL = null
          Cookies = []
Calling the tearDown() method from EventControllerTest.class ....
]]></system-out>
  </testcase>
  <testcase name="countEventsInDb" classname="com.opensourcedev.eventar.controller.EventControllerTest" time="0.011">
    <system-out><![CDATA[Calling the setUp() method from EventControllerTest.class ....
Starting test assertions for EventController countEventsInDb() method....
2021-04-08 18:45:18.220 DEBUG 18044 --- [           main] s.w.s.m.m.a.RequestMappingHandlerMapping : Mapped to com.opensourcedev.eventar.controller.EventController#countEventsInDb()
2021-04-08 18:45:18.221 DEBUG 18044 --- [           main] o.s.w.s.m.m.a.HttpEntityMethodProcessor  : Found 'Content-Type:application/json' in response
2021-04-08 18:45:18.222 DEBUG 18044 --- [           main] o.s.w.s.m.m.a.HttpEntityMethodProcessor  : Writing [15]

MockHttpServletRequest:
      HTTP Method = GET
      Request URI = /event/eventCount
       Parameters = {}
          Headers = []
             Body = null
    Session Attrs = {}

Handler:
             Type = com.opensourcedev.eventar.controller.EventController
           Method = com.opensourcedev.eventar.controller.EventController#countEventsInDb()

Async:
    Async started = false
     Async result = null

Resolved Exception:
             Type = null

ModelAndView:
        View name = null
             View = null
            Model = null

FlashMap:
       Attributes = null

MockHttpServletResponse:
           Status = 200
    Error message = null
          Headers = [Content-Type:"application/json"]
     Content type = application/json
             Body = 15
    Forwarded URL = null
   Redirected URL = null
          Cookies = []
Calling the tearDown() method from EventControllerTest.class ....
]]></system-out>
  </testcase>
</testsuite>