<?xml version="1.0" encoding="UTF-8"?>
<testsuite xmlns:xsi="http://www.w3.org/2001/XMLSchema-instance" xsi:noNamespaceSchemaLocation="https://maven.apache.org/surefire/maven-surefire-plugin/xsd/surefire-test-report-3.0.xsd" version="3.0" name="com.opensourcedev.eventar.repository.EventRepositoryImplTest" time="0.115" tests="8" errors="0" skipped="0" failures="0">
  <properties>
[...]
</properties>
  <testcase name="findAll" classname="com.opensourcedev.eventar.repository.EventRepositoryImplTest" time="0.078">
    <system-out><![CDATA[Calling the setUp() method....
Test objects created.... 

Starting test assertions for Event findAll() method....
Testing of Event findAll() method finished 

Test objects discarded.... 

]]></system-out>
  </testcase>
  <testcase name="findById" classname="com.opensourcedev.eventar.repository.EventRepositoryImplTest" time="0.002">
    <system-out><![CDATA[Calling the setUp() method....
Test objects created.... 

Starting test assertions for Event findById() method....
Testing of Event findById() method finished 

Test objects discarded.... 

]]></system-out>
  </testcase>
  <testcase name="save" classname="com.opensourcedev.eventar.repository.EventRepositoryImplTest" time="0.003">
    <system-out><![CDATA[Calling the setUp() method....
Test objects created.... 

Starting test assertions for Event save() method....
Testing of Event save() method finished 

Test objects discarded.... 

]]></system-out>
  </testcase>
  <testcase name="count" classname="com.opensourcedev.eventar.repository.EventRepositoryImplTest" time="0.004">
    <system-out><![CDATA[Calling the setUp() method....
Test objects created.... 

Starting test assertions for Event count() method....
Testing of count() method finished 

Test objects discarded.... 

]]></system-out>
  </testcase>
  <testcase name="existsById" classname="com.opensourcedev.eventar.repository.EventRepositoryImplTest" time="0.003">
    <system-out><![CDATA[Calling the setUp() method....
Test objects created.... 

Starting test assertions for Event existsById() method....
Testing of Event existsById() method finished 

Test objects discarded.... 

]]></system-out>
  </testcase>
  <testcase name="findEventByLocation" classname="com.opensourcedev.eventar.repository.EventRepositoryImplTest" time="0.003">
    <system-out><![CDATA[Calling the setUp() method....
Test objects created.... 

Starting test assertions for findEventByLocation() method....
location: Hroncova 20/19

Test objects discarded.... 

]]></system-out>
  </testcase>
  <testcase name="findEventByName" classname="com.opensourcedev.eventar.repository.EventRepositoryImplTest" time="0.003">
    <system-out><![CDATA[Calling the setUp() method....
Test objects created.... 

Starting test assertions for Event findEventByName() method....
eventName: Hackaton

Testing of Event findEventByName() method finished 

Test objects discarded.... 

]]></system-out>
  </testcase>
  <testcase name="showEventAsJson" classname="com.opensourcedev.eventar.repository.EventRepositoryImplTest" time="0.017">
    <system-out><![CDATA[Calling the setUp() method....
Test objects created.... 

Event serialized to Json 
{"createdAt":1617900323050,"updatedAt":1617900323050,"eventName":"Hackaton","eventId":"SomeId","location":"Hroncova 20/19","time":{"month":"FEBRUARY","dayOfWeek":"THURSDAY","dayOfYear":58,"nano":0,"year":2020,"monthValue":2,"dayOfMonth":27,"hour":20,"minute":3,"second":0,"chronology":{"id":"ISO","calendarType":"iso8601"}},"eventCapacity":35,"eventOccupation":30,"tickets":[]}


EventTicket serialized as Json 
{"createdAt":null,"updatedAt":null,"ticketName":"Hackaton Ticket","eventTicketId":"Hackaton","eventName":"EventTicketId","name":"Simon","surname":"Pavlik","age":18,"ticketPrice":20,"event":null}


Test objects discarded.... 

]]></system-out>
  </testcase>
</testsuite>