<?xml version="1.0" encoding="UTF-8"?>
<testsuite xmlns:xsi="http://www.w3.org/2001/XMLSchema-instance" xsi:noNamespaceSchemaLocation="https://maven.apache.org/surefire/maven-surefire-plugin/xsd/surefire-test-report-3.0.xsd" version="3.0" name="com.opensourcedev.eventar.EventarApplicationTests" time="3.878" tests="1" errors="0" skipped="0" failures="0">
  <properties>
[...]
</properties>
  <testcase name="contextLoads" classname="com.opensourcedev.eventar.EventarApplicationTests" time="0.004">
    <system-out><![CDATA[2021-04-08 18:45:18.911  INFO 18044 --- [           main] .b.t.c.SpringBootTestContextBootstrapper : Neither @ContextConfiguration nor @ContextHierarchy found for test class [com.opensourcedev.eventar.EventarApplicationTests], using SpringBootContextLoader
2021-04-08 18:45:18.912  INFO 18044 --- [           main] o.s.t.c.support.AbstractContextLoader    : Could not detect default resource locations for test class [com.opensourcedev.eventar.EventarApplicationTests]: no resource found for suffixes {-context.xml, Context.groovy}.
2021-04-08 18:45:18.912  INFO 18044 --- [           main] t.c.s.AnnotationConfigContextLoaderUtils : Could not detect default configuration classes for test class [com.opensourcedev.eventar.EventarApplicationTests]: EventarApplicationTests does not declare any static, non-private, non-final, nested classes annotated with @Configuration.
2021-04-08 18:45:18.921  INFO 18044 --- [           main] .b.t.c.SpringBootTestContextBootstrapper : Found @SpringBootConfiguration com.opensourcedev.eventar.EventarApplication for test class com.opensourcedev.eventar.EventarApplicationTests
2021-04-08 18:45:18.927  INFO 18044 --- [           main] .b.t.c.SpringBootTestContextBootstrapper : Loaded default TestExecutionListener class names from location [META-INF/spring.factories]: [org.springframework.boot.test.mock.mockito.MockitoTestExecutionListener, org.springframework.boot.test.mock.mockito.ResetMocksTestExecutionListener, org.springframework.boot.test.autoconfigure.restdocs.RestDocsTestExecutionListener, org.springframework.boot.test.autoconfigure.web.client.MockRestServiceServerResetTestExecutionListener, org.springframework.boot.test.autoconfigure.web.servlet.MockMvcPrintOnlyOnFailureTestExecutionListener, org.springframework.boot.test.autoconfigure.web.servlet.WebDriverTestExecutionListener, org.springframework.boot.test.autoconfigure.webservices.client.MockWebServiceServerTestExecutionListener, org.springframework.test.context.web.ServletTestExecutionListener, org.springframework.test.context.support.DirtiesContextBeforeModesTestExecutionListener, org.springframework.test.context.event.ApplicationEventsTestExecutionListener, org.springframework.test.context.support.DependencyInjectionTestExecutionListener, org.springframework.test.context.support.DirtiesContextTestExecutionListener, org.springframework.test.context.transaction.TransactionalTestExecutionListener, org.springframework.test.context.jdbc.SqlScriptsTestExecutionListener, org.springframework.test.context.event.EventPublishingTestExecutionListener]
2021-04-08 18:45:18.928  INFO 18044 --- [           main] .b.t.c.SpringBootTestContextBootstrapper : Using TestExecutionListeners: [org.springframework.test.context.web.ServletTestExecutionListener@213835b6, org.springframework.test.context.support.DirtiesContextBeforeModesTestExecutionListener@24a3d414, org.springframework.test.context.event.ApplicationEventsTestExecutionListener@37e55819, org.springframework.boot.test.mock.mockito.MockitoTestExecutionListener@2bdcfcf, org.springframework.boot.test.autoconfigure.SpringBootDependencyInjectionTestExecutionListener@6248cfab, org.springframework.test.context.support.DirtiesContextTestExecutionListener@5871a482, org.springframework.test.context.transaction.TransactionalTestExecutionListener@45c90a05, org.springframework.test.context.jdbc.SqlScriptsTestExecutionListener@296676c4, org.springframework.test.context.event.EventPublishingTestExecutionListener@df7d1d4, org.springframework.boot.test.mock.mockito.ResetMocksTestExecutionListener@58f7215c, org.springframework.boot.test.autoconfigure.restdocs.RestDocsTestExecutionListener@55638165, org.springframework.boot.test.autoconfigure.web.client.MockRestServiceServerResetTestExecutionListener@4fa91d5b, org.springframework.boot.test.autoconfigure.web.servlet.MockMvcPrintOnlyOnFailureTestExecutionListener@7ce30c0b, org.springframework.boot.test.autoconfigure.web.servlet.WebDriverTestExecutionListener@1d7f2f0a, org.springframework.boot.test.autoconfigure.webservices.client.MockWebServiceServerTestExecutionListener@54defd69]

  .   ____          _            __ _ _
 /\\ / ___'_ __ _ _(_)_ __  __ _ \ \ \ \
( ( )\___ | '_ | '_| | '_ \/ _` | \ \ \ \
 \\/  ___)| |_)| | | | | || (_| |  ) ) ) )
  '  |____| .__|_| |_|_| |_\__, | / / / /
 =========|_|==============|___/=/_/_/_/
 :: Spring Boot ::                (v2.4.2)

2021-04-08 18:45:18.950  INFO 18044 --- [           main] c.o.eventar.EventarApplicationTests      : Starting EventarApplicationTests using Java 11.0.10 on DESKTOP-FJ83RN4 with PID 18044 (started by sajmo in D:\Git Projects\eventar-ms)
2021-04-08 18:45:18.951  INFO 18044 --- [           main] c.o.eventar.EventarApplicationTests      : No active profile set, falling back to default profiles: default
2021-04-08 18:45:18.954 DEBUG 18044 --- [           main] o.s.w.c.s.GenericWebApplicationContext   : Refreshing org.springframework.web.context.support.GenericWebApplicationContext@6ac756b
2021-04-08 18:45:19.321  INFO 18044 --- [           main] .s.d.r.c.RepositoryConfigurationDelegate : Bootstrapping Spring Data JPA repositories in DEFAULT mode.
2021-04-08 18:45:19.389  INFO 18044 --- [           main] .s.d.r.c.RepositoryConfigurationDelegate : Finished Spring Data repository scanning in 62 ms. Found 2 JPA repository interfaces.
2021-04-08 18:45:20.394  INFO 18044 --- [           main] com.zaxxer.hikari.HikariDataSource       : HikariPool-1 - Starting...
2021-04-08 18:45:20.913  INFO 18044 --- [           main] com.zaxxer.hikari.HikariDataSource       : HikariPool-1 - Start completed.
2021-04-08 18:45:21.608  INFO 18044 --- [           main] j.LocalContainerEntityManagerFactoryBean : Initialized JPA EntityManagerFactory for persistence unit 'default'
2021-04-08 18:45:21.787  WARN 18044 --- [           main] JpaBaseConfiguration$JpaWebConfiguration : spring.jpa.open-in-view is enabled by default. Therefore, database queries may be performed during view rendering. Explicitly configure spring.jpa.open-in-view to disable this warning
2021-04-08 18:45:21.883  INFO 18044 --- [           main] o.s.s.concurrent.ThreadPoolTaskExecutor  : Initializing ExecutorService 'applicationTaskExecutor'
2021-04-08 18:45:21.894 DEBUG 18044 --- [           main] s.w.s.m.m.a.RequestMappingHandlerAdapter : ControllerAdvice beans: 0 @ModelAttribute, 0 @InitBinder, 1 RequestBodyAdvice, 1 ResponseBodyAdvice
2021-04-08 18:45:21.918 DEBUG 18044 --- [           main] s.w.s.m.m.a.RequestMappingHandlerMapping : 23 mappings in 'requestMappingHandlerMapping'
2021-04-08 18:45:21.959 DEBUG 18044 --- [           main] o.s.w.s.handler.SimpleUrlHandlerMapping  : Patterns [/webjars/**, /**] in 'resourceHandlerMapping'
2021-04-08 18:45:21.972 DEBUG 18044 --- [           main] .m.m.a.ExceptionHandlerExceptionResolver : ControllerAdvice beans: 1 @ExceptionHandler, 1 ResponseBodyAdvice
2021-04-08 18:45:22.776  INFO 18044 --- [           main] c.o.eventar.EventarApplicationTests      : Started EventarApplicationTests in 3.846 seconds (JVM running for 8.18)
]]></system-out>
  </testcase>
</testsuite>